int  ->  0
   ->  0
1  ->  (97, 0)
;  ->  0
1  ->  (97, 0)
   ->  0
=  ->  0
   ->  0
0  ->  (55, 0)
;  ->  0
int  ->  0
   ->  0
1  ->  (98, 0)
;  ->  0
1  ->  (98, 0)
=  ->  0
0  ->  (55, 0)
;  ->  0
int  ->  0
   ->  0
1  ->  (99, 0)
;  ->  0
1  ->  (99, 0)
   ->  0
=  ->  0
   ->  0
0  ->  (55, 0)
;  ->  0
if  ->  0
(  ->  0
1  ->  (97, 0)
>=  ->  0
1  ->  (98, 0)
   ->  0
&&  ->  0
   ->  0
1  ->  (97, 0)
>=  ->  0
1  ->  (99, 0)
)  ->  0
{  ->  0
   ->  0
print  ->  0
(  ->  0
0  ->  (5, 0)
)  ->  0
;  ->  0
}  ->  0
elif  ->  0
(  ->  0
1  ->  (98, 0)
>=  ->  0
1  ->  (97, 0)
   ->  0
&&  ->  0
   ->  0
1  ->  (98, 0)
>=  ->  0
1  ->  (99, 0)
)  ->  0
{  ->  0
   ->  0
print  ->  0
(  ->  0
0  ->  (6, 0)
)  ->  0
;  ->  0
}  ->  0
else  ->  0
{  ->  0
   ->  0
print  ->  0
(  ->  0
0  ->  (7, 0)
)  ->  0
;  ->  0
}  ->  0
;  ->  0
