int  ->  0
   ->  0
1  ->  (97, 0)
;  ->  0
1  ->  (97, 0)
=  ->  0
read  ->  0
(  ->  0
)  ->  0
;  ->  0
int  ->  0
   ->  0
1  ->  (98, 0)
;  ->  0
1  ->  (98, 0)
=  ->  0
read  ->  0
(  ->  0
)  ->  0
;  ->  0
if  ->  0
(  ->  0
1  ->  (97, 0)
%  ->  0
0  ->  (50, 0)
!=  ->  0
0  ->  (48, 0)
   ->  0
||  ->  0
   ->  0
1  ->  (98, 0)
%  ->  0
0  ->  (50, 0)
!=  ->  0
0  ->  (48, 0)
)  ->  0
{  ->  0
   ->  0
print  ->  0
(  ->  0
0  ->  (48, 1)
)  ->  0
;  ->  0
}  ->  0
else  ->  0
{  ->  0
   ->  0
int  ->  0
   ->  0
1  ->  (99, 0)
;  ->  0
   ->  0
1  ->  (99, 0)
=  ->  0
(  ->  0
1  ->  (97, 0)
+  ->  0
1  ->  (98, 0)
)  ->  0
/  ->  0
0  ->  (50, 0)
;  ->  0
   ->  0
print  ->  0
(  ->  0
0  ->  (47, 0)
)  ->  0
;  ->  0
   ->  0
print  ->  0
(  ->  0
1  ->  (99, 0)
)  ->  0
;  ->  0
}  ->  0
;  ->  0